<?xml version="1.0" encoding="UTF-8"?>
<!-- Generated by org.testng.reporters.JUnitXMLReporter -->
<testsuite ignored="0" hostname="DESKTOP-1TO35R0" failures="0" tests="8" name="Test" time="0.05" errors="0" timestamp="2022-11-11T12:21:00 IST">
  <testcase classname="Test.Eleven" name="eleven" time="0.004"/>
  <testcase classname="Test.Eleven" name="thirteen" time="0.001"/>
  <testcase classname="Test.Eleven" name="twelve" time="0.001"/>
  <testcase classname="Test.One" name="four" time="0.001"/>
  <testcase classname="Test.One" name="one" time="0.0"/>
  <testcase classname="Test.One" name="three" time="0.001"/>
  <testcase classname="Test.One" name="two" time="0.0"/>
  <testcase classname="Test.TwentyOne" name="twentyTwo" time="0.0"/>
</testsuite> <!-- Test -->
