<?xml version="1.0" encoding="UTF-8"?>
<!-- Generated by org.testng.reporters.JUnitXMLReporter -->
<testsuite ignored="2" hostname="DESKTOP-1TO35R0" failures="0" tests="5" name="Car Loan" time="0.046" errors="0" timestamp="2021-10-07T14:28:39 IST">
  <testcase classname="Test.Intro3" name="MobileLogincarLoan" time="0.004"/>
  <testcase classname="Test.Intro3" name="MobilesignoutcarLoan" time="0.002"/>
  <testcase classname="Test.Intro3" name="MobilesignoutcarLoan" time="0.0"/>
  <testcase classname="Test.Intro3" name="MobilesignoutcarLoan" time="0.001"/>
  <testcase classname="Test.Intro3" name="WebloginCarLoan" time="0.001"/>
  <testcase classname="Test.Intro3" name="APIcarLoan" time="0.0">
    <ignored/>
  </testcase> <!-- APIcarLoan -->
  <testcase classname="Test.Intro3" name="MobilesignimcarLoan" time="0.0">
    <ignored/>
  </testcase> <!-- MobilesignimcarLoan -->
</testsuite> <!-- Car Loan -->
