<?xml version="1.0" encoding="UTF-8"?>
<!-- Generated by org.testng.reporters.JUnitXMLReporter -->
<testsuite ignored="3" hostname="DESKTOP-1TO35R0" failures="0" tests="4" name="Test1" time="0.036" errors="0" timestamp="2022-11-11T12:20:33 IST">
  <testcase classname="Test.One" name="four" time="0.005"/>
  <testcase classname="Test.One" name="three" time="0.001"/>
  <testcase classname="Test.One" name="two" time="0.001"/>
  <testcase classname="Test.Eleven" name="eleven" time="0.001"/>
  <testcase classname="Test.One" name="one" time="0.0">
    <ignored/>
  </testcase> <!-- one -->
  <testcase classname="Test.Eleven" name="twelve" time="0.0">
    <ignored/>
  </testcase> <!-- twelve -->
  <testcase classname="Test.Eleven" name="thirteen" time="0.0">
    <ignored/>
  </testcase> <!-- thirteen -->
</testsuite> <!-- Test1 -->
