<?xml version="1.0" encoding="UTF-8"?>
<!-- Generated by org.testng.reporters.JUnitXMLReporter -->
<testsuite ignored="0" hostname="DESKTOP-1TO35R0" failures="1" tests="3" name="MasterTest" time="0.038" errors="0" timestamp="2021-10-07T14:23:01 IST">
  <testcase classname="Test.Intro" name="Demo" time="0.005">
    <failure type="java.lang.AssertionError" message="expected [true] but found [false]">
      <![CDATA[java.lang.AssertionError: expected [true] but found [false]
at Test.Intro.Demo(Intro.java:22)
at java.base/java.util.ArrayList.forEach(ArrayList.java:1511)
... Removed 31 stack frames]]>
    </failure>
  </testcase> <!-- Demo -->
  <testcase classname="Test.Intro" name="SecondTest" time="0.001"/>
  <testcase classname="Test.Intro2" name="ploan" time="0.0"/>
</testsuite> <!-- MasterTest -->
